Microsoft Visual C++ Compiler for Python 2.7
https://www.microsoft.com/en-us/download/details.aspx?id=44266
=======================================================================
OLD
/u/boccoset/mila/dev/git/theano/tests-check-dnn-1497899690.log
12278
/u/boccoset/mila/dev/git/theano/tests-check-dnn-conv-1501186681.log

scp root@1.2.3.4:/root/pcfilename.rar ./

scp boccoset@elisa1.iro.umontreal.ca:/u/boccoset/mila/dev/git/theano/tests-check-dnn-conv-1501256102.log ./
scp boccoset@elisa1.iro.umontreal.ca:/u/boccoset/mila/dev/git/theano/tests-check-dnn-conv-2017-07-31-10h-52min-08sec.log ./
scp boccoset@elisa1.iro.umontreal.ca:/u/boccoset/mila/dev/git/theano/tests-check-dnn-conv-2017-08-04-10h-39min-24sec.log ./
scp boccoset@elisa1.iro.umontreal.ca:/u/boccoset/mila/dev/git/theano/tests-check-dnn-conv-v7-2017-08-14-15h-07min-32sec.log ./
scp boccoset@elisa1.iro.umontreal.ca:/u/boccoset/mila/dev/git/theano/tests-check-dnn-conv-v7-2017-08-16-09h-42min-02sec.log ./

sbatch --gres=gpu:titanxp --qos=high --mail-type=ALL --mail-user=stevenbocco@gmail.com run-check-dnn-conv-v6.sh
15003
======================================================================
pip install --upgrade --no-deps https://github.com/notoraptor/Theano/archive/fix-setup-for-c-code-folders.zip

pip install --upgrade --no-deps https://github.com/f0k/Theano/archive/fix-setup-c_code.zip

args = tuple([np.array(inp, dtype=np.int64) if(inp == [] or inp == ()) else inp for inp in args])

python -c "import theano; theano.test(verbose=10, capture=False)" > all.log 2>&1

sbatch --gres=gpu --qos=high --mail-type=ALL --mail-user=stevenbocco@gmail.com run-all-theano-tests.sh
14172
======================================================================
https://drive.google.com/file/d/0B0gVKJadp0n1eEdKUzUtS2ZURUU/view?usp=sharing

