Dtypes: float16, float32
Samples: 1000, nin: 128, nout: 10, nsteps: 1000
Testing 1 runs with 1000 samples per run.
Devices for runs: /gpu:0

Testing dtype float16
Initializing variables (not profiled) ...
... End initialization (not profiled). Starting train ...
Step 100/1000
Step 200/1000
Step 300/1000
Step 400/1000
Step 500/1000
Step 600/1000
Step 700/1000
Step 800/1000
Step 900/1000
Step 1000/1000
Testing dtype float32
Initializing variables (not profiled) ...
... End initialization (not profiled). Starting train ...
Step 100/1000
Step 200/1000
Step 300/1000
Step 400/1000
Step 500/1000
Step 600/1000
Step 700/1000
Step 800/1000
Step 900/1000
Step 1000/1000

float16: execution time: 483 sec + 852482 microsec
float32: execution time: 1157 sec + 784251 microsec
